Arguments: 
  C:\Program Files\nodejs\node.exe C:\Users\Adnan\AppData\Roaming\npm\node_modules\yarn\bin\yarn.js dec

PATH: 
  C:\Users\Adnan\bin;C:\Program Files\Git\mingw64\bin;C:\Program Files\Git\usr\local\bin;C:\Program Files\Git\usr\bin;C:\Program Files\Git\usr\bin;C:\Program Files\Git\mingw64\bin;C:\Program Files\Git\usr\bin;C:\Users\Adnan\bin;C:\Program Files (x86)\Common Files\Oracle\Java\javapath;C:\Program Files (x86)\Intel\iCLS Client;C:\Program Files\Intel\iCLS Client;C:\WINDOWS\system32;C:\WINDOWS;C:\WINDOWS\System32\Wbem;C:\WINDOWS\System32\WindowsPowerShell\v1.0;C:\ProgramData\chocolatey\bin;C:\Program Files\Git\cmd;C:\HashiCorp\Vagrant\bin;C:\Program Files\PuTTY;C:\Program Files (x86)\Intel\Intel(R) Management Engine Components\DAL;C:\Program Files\Intel\Intel(R) Management Engine Components\DAL;C:\Program Files (x86)\Intel\Intel(R) Management Engine Components\IPT;C:\Program Files\Intel\Intel(R) Management Engine Components\IPT;C:\Program Files\nodejs;C:\WINDOWS\System32\OpenSSH;C:\Program Files (x86)\Brackets\command;C:\Program Files (x86)\Java\jdk1.8.0_181\bin;C:\Program Files (x86)\Java\jre1.8.0_181\bin;C:\Users\Adnan\AppData\Local\Android\Sdk\platform-tools;C:\Program Files\Intel\WiFi\bin;C:\Program Files\Common Files\Intel\WirelessCommon;C:\Users\Adnan\AppData\Local\Programs\Python\Python37\Scripts;C:\Users\Adnan\AppData\Local\Programs\Python\Python37;C:\Users\Adnan\AppData\Local\Microsoft\WindowsApps;C:\Program Files\Oracle\VirtualBox;C:\Python27;C:\Python27\Scripts;C:\Users\Adnan\AppData\Roaming\npm;C:\Users\Adnan\AppData\Local\atom\bin;C:\Users\Adnan\AppData\Local\Microsoft\WindowsApps;C:\Program Files\MongoDB\Server\4.0\bin;C:\OpenSSL-Win32\bin;C:\Users\Adnan\AppData\Local\Android\Sdk;C:\Users\Adnan\AppData\Local\Android\Sdk\platform-tools;C:\Program Files\Git\usr\bin\vendor_perl;C:\Program Files\Git\usr\bin\core_perl

Yarn version: 
  1.5.1

Node version: 
  8.11.1

Platform: 
  win32 x64

npm manifest: 
  {
    "name": "clubster-backend",
    "version": "1.0.0",
    "description": "Bakcend of application",
    "main": "index.js",
    "scripts": {
      "dev": "adb reverse tcp:3000 tcp:3000 && NODE_ENV=development & nodemon index.js"
    },
    "repository": {
      "type": "git",
      "url": "Adnan Yunus"
    },
    "author": "",
    "license": "ISC",
    "dependencies": {
      "babel-polyfill": "^6.26.0",
      "babel-register": "^6.26.0",
      "bcrypt": "^3.0.4",
      "body-parser": "^1.18.3",
      "express": "^4.16.4",
      "fs": "0.0.1-security",
      "gravatar": "^1.6.0",
      "jsonwebtoken": "^8.3.0",
      "mongoose": "^5.3.6",
      "mongoose-float": "^1.0.3",
      "morgan": "^1.9.1",
      "multer": "^1.4.1",
      "node-gyp": "^3.8.0",
      "node-pre-gyp": "^0.11.0",
      "nodemon": "^1.18.4",
      "passport": "^0.4.0",
      "passport-jwt": "^4.0.0",
      "validator": "^10.8.0"
    }
  }

yarn manifest: 
  No manifest

Lockfile: 
  No lockfile

Trace: 
  Error: Command "dec" not found. Did you mean "dev"?
      at new MessageError (C:\Users\Adnan\AppData\Roaming\npm\node_modules\yarn\lib\cli.js:186:110)
      at C:\Users\Adnan\AppData\Roaming\npm\node_modules\yarn\lib\cli.js:87307:17
      at Generator.next (<anonymous>)
      at step (C:\Users\Adnan\AppData\Roaming\npm\node_modules\yarn\lib\cli.js:98:30)
      at C:\Users\Adnan\AppData\Roaming\npm\node_modules\yarn\lib\cli.js:116:14
      at new Promise (<anonymous>)
      at new F (C:\Users\Adnan\AppData\Roaming\npm\node_modules\yarn\lib\cli.js:23451:28)
      at C:\Users\Adnan\AppData\Roaming\npm\node_modules\yarn\lib\cli.js:95:12
      at runCommand (C:\Users\Adnan\AppData\Roaming\npm\node_modules\yarn\lib\cli.js:87312:22)
      at Object.<anonymous> (C:\Users\Adnan\AppData\Roaming\npm\node_modules\yarn\lib\cli.js:87412:14)
