Arguments: 
  C:\Program Files\nodejs\node.exe C:\Users\Adnan\AppData\Roaming\npm\node_modules\yarn\bin\yarn.js add

PATH: 
  C:\Program Files\Haskell\bin;C:\Program Files\Haskell Platform\8.6.3\lib\extralibs\bin;C:\Program Files\Haskell Platform\8.6.3\bin;C:\Program Files (x86)\Common Files\Oracle\Java\javapath;C:\Program Files (x86)\Intel\iCLS Client\;C:\Program Files\Intel\iCLS Client\;C:\WINDOWS\system32;C:\WINDOWS;C:\WINDOWS\System32\Wbem;C:\WINDOWS\System32\WindowsPowerShell\v1.0\;C:\Program Files\Git\cmd;C:\HashiCorp\Vagrant\bin;C:\Program Files\PuTTY\;C:\Program Files (x86)\Intel\Intel(R) Management Engine Components\DAL;C:\Program Files\Intel\Intel(R) Management Engine Components\DAL;C:\Program Files (x86)\Intel\Intel(R) Management Engine Components\IPT;C:\Program Files\Intel\Intel(R) Management Engine Components\IPT;C:\Program Files\nodejs\;C:\WINDOWS\System32\OpenSSH\;C:\Program Files (x86)\Brackets\command;C:\Program Files (x86)\Java\jdk1.8.0_181\bin;C:\Program Files (x86)\Java\jre1.8.0_181\bin;C:\Users\Adnan\AppData\Local\Android\Sdk\platform-tools;C:\Program Files\Intel\WiFi\bin\;C:\Program Files\Common Files\Intel\WirelessCommon\;C:\Program Files\Haskell Platform\8.6.3\mingw\bin;C:\Users\Adnan\AppData\Roaming\cabal\bin;C:\Users\Adnan\AppData\Roaming\local\bin;C:\Users\Adnan\Anaconda3;C:\Users\Adnan\Anaconda3\Library\usr\bin;C:\Users\Adnan\Anaconda3\Library\bin;C:\Users\Adnan\Anaconda3\Scripts;C:\Users\Adnan\AppData\Local\Programs\Python\Python37\Scripts\;C:\Users\Adnan\AppData\Local\Programs\Python\Python37\;C:\Users\Adnan\AppData\Local\Microsoft\WindowsApps;C:\Program Files\Oracle\VirtualBox;C:\Python27;C:\Python27\Scripts;C:\Users\Adnan\AppData\Roaming\npm;C:\Users\Adnan\AppData\Local\atom\bin;C:\Users\Adnan\AppData\Local\Microsoft\WindowsApps;C:\Program Files\MongoDB\Server\4.0\bin;C:\OpenSSL-Win32\bin;C:\Users\Adnan\AppData\Local\Android\Sdk;C:\Users\Adnan\AppData\Local\Android\Sdk\platform-tools;C:\Users\Adnan\Downloads\watchman;C:\Program Files (x86)\GnuWin32\bin;C:\Program Files\heroku\bin

Yarn version: 
  1.5.1

Node version: 
  8.11.1

Platform: 
  win32 x64

npm manifest: 
  {
    "main": "node_modules/expo/AppEntry.js",
    "scripts": {
      "start": "expo start",
      "android": "expo start --android",
      "ios": "expo start --ios",
      "eject": "expo eject"
    },
    "dependencies": {
      "ImageViewer": "^1.5.8",
      "axios": "^0.18.0",
      "d3": "^5.9.2",
      "d3-array": "^2.0.3",
      "d3-axis": "^1.0.12",
      "d3-format": "^1.3.2",
      "d3-path": "^1.0.7",
      "d3-shape": "^1.3.5",
      "expo": "^32.0.6",
      "expo-cli": "^2.15.4",
      "express": "^4.16.4",
      "fonts": "0.0.2",
      "jwt-decode": "^2.2.0",
      "moment": "^2.24.0",
      "moment-timezone": "^0.5.25",
      "native-base": "^2.8.0",
      "react": "16.5.0",
      "react-native": "https://github.com/expo/react-native/archive/sdk-32.0.0.tar.gz",
      "react-native-animatable": "^1.3.2",
      "react-native-aws3": "0.0.8",
      "react-native-calendar-picker": "^6.0.0",
      "react-native-calendars": "^1.66.0",
      "react-native-charts": "^3.0.0",
      "react-native-elements": "^1.1.0",
      "react-native-gifted-chat": "^0.7.3",
      "react-native-image-grid": "^1.0.0",
      "react-native-keyboard-aware-scroll-view": "^0.8.0",
      "react-native-material-textfield": "^0.12.0",
      "react-native-modal": "^9.0.0",
      "react-native-modal-datetime-picker": "^7.4.0",
      "react-native-pie": "^0.5.0",
      "react-native-qrcode-svg": "^5.1.2",
      "react-native-svg-charts": "^5.2.0",
      "react-native-vector-icons": "^6.4.2",
      "react-navigation": "^3.9.0",
      "react-redux": "^6.0.0",
      "redux": "^4.0.1",
      "socket.io-client": "^2.2.0",
      "switch-button-react-native": "^1.0.3"
    },
    "devDependencies": {
      "babel-preset-expo": "^5.0.0"
    },
    "private": true
  }

yarn manifest: 
  No manifest

Lockfile: 
  No lockfile

Trace: 
  Error: Missing list of packages to add to your project.
      at new MessageError (C:\Users\Adnan\AppData\Roaming\npm\node_modules\yarn\lib\cli.js:186:110)
      at Object.<anonymous> (C:\Users\Adnan\AppData\Roaming\npm\node_modules\yarn\lib\cli.js:40587:13)
      at Generator.next (<anonymous>)
      at step (C:\Users\Adnan\AppData\Roaming\npm\node_modules\yarn\lib\cli.js:98:30)
      at C:\Users\Adnan\AppData\Roaming\npm\node_modules\yarn\lib\cli.js:116:14
      at new Promise (<anonymous>)
      at new F (C:\Users\Adnan\AppData\Roaming\npm\node_modules\yarn\lib\cli.js:23451:28)
      at Object.<anonymous> (C:\Users\Adnan\AppData\Roaming\npm\node_modules\yarn\lib\cli.js:95:12)
      at Object.run (C:\Users\Adnan\AppData\Roaming\npm\node_modules\yarn\lib\cli.js:40599:19)
      at run (C:\Users\Adnan\AppData\Roaming\npm\node_modules\yarn\lib\cli.js:89113:20)
